0 info it worked if it ends with ok
1 verbose cli [ '/Users/kendrawieck/.nvm/versions/node/v6.9.1/bin/node',
1 verbose cli   '/Users/kendrawieck/.nvm/versions/node/v6.9.1/bin/npm',
1 verbose cli   'start' ]
2 info using npm@3.10.8
3 info using node@v6.9.1
4 verbose run-script [ 'prestart', 'start', 'poststart' ]
5 info lifecycle web@1.0.0~prestart: web@1.0.0
6 silly lifecycle web@1.0.0~prestart: no script for prestart, continuing
7 info lifecycle web@1.0.0~start: web@1.0.0
8 verbose lifecycle web@1.0.0~start: unsafe-perm in lifecycle true
9 verbose lifecycle web@1.0.0~start: PATH: /Users/kendrawieck/.nvm/versions/node/v6.9.1/lib/node_modules/npm/bin/node-gyp-bin:/Users/kendrawieck/Documents/code/choo-mad-science/web/node_modules/.bin:/Users/kendrawieck/.nvm/versions/node/v6.9.1/bin:/usr/local/bin:/usr/bin:/bin:/usr/sbin:/sbin:/usr/local/sbin:/usr/local/sbin
10 verbose lifecycle web@1.0.0~start: CWD: /Users/kendrawieck/Documents/code/choo-mad-science/web
11 silly lifecycle web@1.0.0~start: Args: [ '-c',
11 silly lifecycle   'bankai client.js --html [ --title \'Mad Science\' --body \'<script src="https://code.jquery.com/jquery-3.1.1.js"></script><script src="https://maxcdn.bootstrapcdn.com/bootstrap/3.3.7/js/bootstrap.min.js"></script>\' --head \'<link rel="stylesheet" href="https://unpkg.com/tachyons@4.6.1/css/tachyons.min.css" /><link rel="stylesheet" href="https://maxcdn.bootstrapcdn.com/bootswatch/3.3.7/yeti/bootstrap.min.css" />\' ]' ]
12 silly lifecycle web@1.0.0~start: Returned: code: 1  signal: null
13 info lifecycle web@1.0.0~start: Failed to exec start script
14 verbose stack Error: web@1.0.0 start: `bankai client.js --html [ --title 'Mad Science' --body '<script src="https://code.jquery.com/jquery-3.1.1.js"></script><script src="https://maxcdn.bootstrapcdn.com/bootstrap/3.3.7/js/bootstrap.min.js"></script>' --head '<link rel="stylesheet" href="https://unpkg.com/tachyons@4.6.1/css/tachyons.min.css" /><link rel="stylesheet" href="https://maxcdn.bootstrapcdn.com/bootswatch/3.3.7/yeti/bootstrap.min.css" />' ]`
14 verbose stack Exit status 1
14 verbose stack     at EventEmitter.<anonymous> (/Users/kendrawieck/.nvm/versions/node/v6.9.1/lib/node_modules/npm/lib/utils/lifecycle.js:255:16)
14 verbose stack     at emitTwo (events.js:106:13)
14 verbose stack     at EventEmitter.emit (events.js:191:7)
14 verbose stack     at ChildProcess.<anonymous> (/Users/kendrawieck/.nvm/versions/node/v6.9.1/lib/node_modules/npm/lib/utils/spawn.js:40:14)
14 verbose stack     at emitTwo (events.js:106:13)
14 verbose stack     at ChildProcess.emit (events.js:191:7)
14 verbose stack     at maybeClose (internal/child_process.js:877:16)
14 verbose stack     at Process.ChildProcess._handle.onexit (internal/child_process.js:226:5)
15 verbose pkgid web@1.0.0
16 verbose cwd /Users/kendrawieck/Documents/code/choo-mad-science/web
17 error Darwin 14.5.0
18 error argv "/Users/kendrawieck/.nvm/versions/node/v6.9.1/bin/node" "/Users/kendrawieck/.nvm/versions/node/v6.9.1/bin/npm" "start"
19 error node v6.9.1
20 error npm  v3.10.8
21 error code ELIFECYCLE
22 error web@1.0.0 start: `bankai client.js --html [ --title 'Mad Science' --body '<script src="https://code.jquery.com/jquery-3.1.1.js"></script><script src="https://maxcdn.bootstrapcdn.com/bootstrap/3.3.7/js/bootstrap.min.js"></script>' --head '<link rel="stylesheet" href="https://unpkg.com/tachyons@4.6.1/css/tachyons.min.css" /><link rel="stylesheet" href="https://maxcdn.bootstrapcdn.com/bootswatch/3.3.7/yeti/bootstrap.min.css" />' ]`
22 error Exit status 1
23 error Failed at the web@1.0.0 start script 'bankai client.js --html [ --title 'Mad Science' --body '<script src="https://code.jquery.com/jquery-3.1.1.js"></script><script src="https://maxcdn.bootstrapcdn.com/bootstrap/3.3.7/js/bootstrap.min.js"></script>' --head '<link rel="stylesheet" href="https://unpkg.com/tachyons@4.6.1/css/tachyons.min.css" /><link rel="stylesheet" href="https://maxcdn.bootstrapcdn.com/bootswatch/3.3.7/yeti/bootstrap.min.css" />' ]'.
23 error Make sure you have the latest version of node.js and npm installed.
23 error If you do, this is most likely a problem with the web package,
23 error not with npm itself.
23 error Tell the author that this fails on your system:
23 error     bankai client.js --html [ --title 'Mad Science' --body '<script src="https://code.jquery.com/jquery-3.1.1.js"></script><script src="https://maxcdn.bootstrapcdn.com/bootstrap/3.3.7/js/bootstrap.min.js"></script>' --head '<link rel="stylesheet" href="https://unpkg.com/tachyons@4.6.1/css/tachyons.min.css" /><link rel="stylesheet" href="https://maxcdn.bootstrapcdn.com/bootswatch/3.3.7/yeti/bootstrap.min.css" />' ]
23 error You can get information on how to open an issue for this project with:
23 error     npm bugs web
23 error Or if that isn't available, you can get their info via:
23 error     npm owner ls web
23 error There is likely additional logging output above.
24 verbose exit [ 1, true ]
